{"/Users/samjohnson/Documents/hrfiles/airbrb/reservation/client/app.jsx": {"path":"/Users/samjohnson/Documents/hrfiles/airbrb/reservation/client/app.jsx","statementMap":{"0":{"start":{"line":9,"column":4},"end":{"line":9,"column":17}},"1":{"start":{"line":12,"column":4},"end":{"line":12,"column":73}},"2":{"start":{"line":15,"column":4},"end":{"line":22,"column":5}},"3":{"start":{"line":28,"column":20},"end":{"line":28,"column":40}},"4":{"start":{"line":30,"column":4},"end":{"line":44,"column":8}},"5":{"start":{"line":32,"column":8},"end":{"line":32,"column":42}},"6":{"start":{"line":34,"column":8},"end":{"line":40,"column":10}},"7":{"start":{"line":43,"column":8},"end":{"line":43,"column":50}},"8":{"start":{"line":48,"column":16},"end":{"line":48,"column":26}},"9":{"start":{"line":49,"column":14},"end":{"line":49,"column":32}},"10":{"start":{"line":50,"column":16},"end":{"line":50,"column":32}},"11":{"start":{"line":56,"column":4},"end":{"line":56,"column":19}},"12":{"start":{"line":63,"column":4},"end":{"line":68,"column":6}}},"fnMap":{"0":{"name":"(anonymous_0)","decl":{"start":{"line":8,"column":2},"end":{"line":8,"column":3}},"loc":{"start":{"line":8,"column":21},"end":{"line":23,"column":3}},"line":8},"1":{"name":"(anonymous_1)","decl":{"start":{"line":26,"column":2},"end":{"line":26,"column":3}},"loc":{"start":{"line":26,"column":12},"end":{"line":45,"column":3}},"line":26},"2":{"name":"(anonymous_2)","decl":{"start":{"line":31,"column":12},"end":{"line":31,"column":13}},"loc":{"start":{"line":31,"column":19},"end":{"line":41,"column":7}},"line":31},"3":{"name":"(anonymous_3)","decl":{"start":{"line":42,"column":13},"end":{"line":42,"column":14}},"loc":{"start":{"line":42,"column":20},"end":{"line":44,"column":7}},"line":42},"4":{"name":"(anonymous_4)","decl":{"start":{"line":47,"column":2},"end":{"line":47,"column":3}},"loc":{"start":{"line":47,"column":18},"end":{"line":52,"column":3}},"line":47},"5":{"name":"(anonymous_5)","decl":{"start":{"line":54,"column":2},"end":{"line":54,"column":3}},"loc":{"start":{"line":54,"column":22},"end":{"line":58,"column":3}},"line":54},"6":{"name":"(anonymous_6)","decl":{"start":{"line":62,"column":2},"end":{"line":62,"column":3}},"loc":{"start":{"line":62,"column":11},"end":{"line":69,"column":3}},"line":62}},"branchMap":{},"s":{"0":6,"1":6,"2":6,"3":3,"4":3,"5":0,"6":0,"7":0,"8":0,"9":0,"10":0,"11":3,"12":6},"f":{"0":6,"1":3,"2":0,"3":0,"4":0,"5":3,"6":6},"b":{},"_coverageSchema":"1a1c01bbd47fc00a2c39e90264f33305004495a9","hash":"1f2044e5c28891ddd412ae2b26cc6444c6a3a13b"}
,"/Users/samjohnson/Documents/hrfiles/airbrb/reservation/client/components/Calendar.jsx": {"path":"/Users/samjohnson/Documents/hrfiles/airbrb/reservation/client/components/Calendar.jsx","statementMap":{"0":{"start":{"line":5,"column":17},"end":{"line":56,"column":1}},"1":{"start":{"line":7,"column":18},"end":{"line":11,"column":3}},"2":{"start":{"line":13,"column":15},"end":{"line":16,"column":3}},"3":{"start":{"line":18,"column":17},"end":{"line":23,"column":3}},"4":{"start":{"line":25,"column":15},"end":{"line":34,"column":3}},"5":{"start":{"line":40,"column":2},"end":{"line":55,"column":3}}},"fnMap":{"0":{"name":"(anonymous_0)","decl":{"start":{"line":5,"column":17},"end":{"line":5,"column":18}},"loc":{"start":{"line":5,"column":28},"end":{"line":56,"column":1}},"line":5}},"branchMap":{},"s":{"0":4,"1":3,"2":3,"3":3,"4":3,"5":3},"f":{"0":3},"b":{},"_coverageSchema":"1a1c01bbd47fc00a2c39e90264f33305004495a9","hash":"6d0c35e717134384241c487700f1c7e4ad915cf7"}
,"/Users/samjohnson/Documents/hrfiles/airbrb/reservation/client/components/Page.jsx": {"path":"/Users/samjohnson/Documents/hrfiles/airbrb/reservation/client/components/Page.jsx","statementMap":{"0":{"start":{"line":5,"column":19},"end":{"line":12,"column":1}},"1":{"start":{"line":6,"column":15},"end":{"line":6,"column":17}},"2":{"start":{"line":7,"column":2},"end":{"line":9,"column":3}},"3":{"start":{"line":7,"column":15},"end":{"line":7,"column":16}},"4":{"start":{"line":8,"column":4},"end":{"line":8,"column":23}},"5":{"start":{"line":11,"column":2},"end":{"line":11,"column":16}},"6":{"start":{"line":14,"column":13},"end":{"line":66,"column":1}},"7":{"start":{"line":18,"column":16},"end":{"line":23,"column":3}},"8":{"start":{"line":25,"column":22},"end":{"line":28,"column":3}},"9":{"start":{"line":30,"column":15},"end":{"line":34,"column":3}},"10":{"start":{"line":35,"column":18},"end":{"line":40,"column":3}},"11":{"start":{"line":42,"column":20},"end":{"line":44,"column":3}},"12":{"start":{"line":47,"column":2},"end":{"line":65,"column":3}},"13":{"start":{"line":62,"column":31},"end":{"line":62,"column":53}}},"fnMap":{"0":{"name":"(anonymous_0)","decl":{"start":{"line":5,"column":19},"end":{"line":5,"column":20}},"loc":{"start":{"line":5,"column":25},"end":{"line":12,"column":1}},"line":5},"1":{"name":"(anonymous_1)","decl":{"start":{"line":14,"column":13},"end":{"line":14,"column":14}},"loc":{"start":{"line":14,"column":24},"end":{"line":66,"column":1}},"line":14},"2":{"name":"(anonymous_2)","decl":{"start":{"line":62,"column":26},"end":{"line":62,"column":27}},"loc":{"start":{"line":62,"column":31},"end":{"line":62,"column":53}},"line":62}},"branchMap":{},"s":{"0":4,"1":13,"2":13,"3":13,"4":403,"5":13,"6":4,"7":13,"8":13,"9":13,"10":13,"11":13,"12":13,"13":403},"f":{"0":13,"1":13,"2":403},"b":{},"_coverageSchema":"1a1c01bbd47fc00a2c39e90264f33305004495a9","hash":"364203c855e9fc04701710efd357612d8879cae4"}
,"/Users/samjohnson/Documents/hrfiles/airbrb/reservation/client/components/Widget.jsx": {"path":"/Users/samjohnson/Documents/hrfiles/airbrb/reservation/client/components/Widget.jsx","statementMap":{"0":{"start":{"line":7,"column":4},"end":{"line":7,"column":17}},"1":{"start":{"line":8,"column":4},"end":{"line":10,"column":6}},"2":{"start":{"line":22,"column":4},"end":{"line":40,"column":5}},"3":{"start":{"line":37,"column":60},"end":{"line":37,"column":79}},"4":{"start":{"line":44,"column":18},"end":{"line":55,"column":1}},"5":{"start":{"line":57,"column":16},"end":{"line":61,"column":1}},"6":{"start":{"line":63,"column":17},"end":{"line":70,"column":1}},"7":{"start":{"line":71,"column":19},"end":{"line":74,"column":1}},"8":{"start":{"line":76,"column":19},"end":{"line":78,"column":1}},"9":{"start":{"line":80,"column":15},"end":{"line":83,"column":1}},"10":{"start":{"line":85,"column":16},"end":{"line":87,"column":1}},"11":{"start":{"line":89,"column":20},"end":{"line":99,"column":1}}},"fnMap":{"0":{"name":"(anonymous_0)","decl":{"start":{"line":6,"column":2},"end":{"line":6,"column":3}},"loc":{"start":{"line":6,"column":21},"end":{"line":11,"column":3}},"line":6},"1":{"name":"(anonymous_1)","decl":{"start":{"line":13,"column":2},"end":{"line":13,"column":3}},"loc":{"start":{"line":13,"column":16},"end":{"line":15,"column":3}},"line":13},"2":{"name":"(anonymous_2)","decl":{"start":{"line":17,"column":2},"end":{"line":17,"column":3}},"loc":{"start":{"line":17,"column":22},"end":{"line":19,"column":3}},"line":17},"3":{"name":"(anonymous_3)","decl":{"start":{"line":21,"column":2},"end":{"line":21,"column":3}},"loc":{"start":{"line":21,"column":11},"end":{"line":41,"column":3}},"line":21},"4":{"name":"(anonymous_4)","decl":{"start":{"line":37,"column":53},"end":{"line":37,"column":54}},"loc":{"start":{"line":37,"column":60},"end":{"line":37,"column":79}},"line":37}},"branchMap":{},"s":{"0":5,"1":5,"2":5,"3":1,"4":4,"5":4,"6":4,"7":4,"8":4,"9":4,"10":4,"11":4},"f":{"0":5,"1":1,"2":4,"3":5,"4":1},"b":{},"_coverageSchema":"1a1c01bbd47fc00a2c39e90264f33305004495a9","hash":"38d95566fea65e9fdfb257964e9da03afa22a88f"}
,"/Users/samjohnson/Documents/hrfiles/airbrb/reservation/db/index.js": {"path":"/Users/samjohnson/Documents/hrfiles/airbrb/reservation/db/index.js","statementMap":{"0":{"start":{"line":1,"column":14},"end":{"line":1,"column":30}},"1":{"start":{"line":4,"column":19},"end":{"line":9,"column":2}},"2":{"start":{"line":11,"column":0},"end":{"line":17,"column":2}},"3":{"start":{"line":12,"column":4},"end":{"line":16,"column":5}},"4":{"start":{"line":13,"column":8},"end":{"line":13,"column":45}},"5":{"start":{"line":15,"column":8},"end":{"line":15,"column":40}},"6":{"start":{"line":19,"column":0},"end":{"line":19,"column":28}}},"fnMap":{"0":{"name":"(anonymous_0)","decl":{"start":{"line":11,"column":19},"end":{"line":11,"column":20}},"loc":{"start":{"line":11,"column":28},"end":{"line":17,"column":1}},"line":11}},"branchMap":{"0":{"loc":{"start":{"line":12,"column":4},"end":{"line":16,"column":5}},"type":"if","locations":[{"start":{"line":12,"column":4},"end":{"line":16,"column":5}},{"start":{"line":12,"column":4},"end":{"line":16,"column":5}}],"line":12}},"s":{"0":2,"1":2,"2":2,"3":2,"4":2,"5":0,"6":2},"f":{"0":2},"b":{"0":[2,0]},"_coverageSchema":"1a1c01bbd47fc00a2c39e90264f33305004495a9","hash":"45484dff8dcabebec7acd919bb93b5eda555e3b8"}
,"/Users/samjohnson/Documents/hrfiles/airbrb/reservation/server/index.js": {"path":"/Users/samjohnson/Documents/hrfiles/airbrb/reservation/server/index.js","statementMap":{"0":{"start":{"line":1,"column":16},"end":{"line":1,"column":34}},"1":{"start":{"line":2,"column":12},"end":{"line":2,"column":21}},"2":{"start":{"line":3,"column":11},"end":{"line":3,"column":36}},"3":{"start":{"line":4,"column":13},"end":{"line":4,"column":28}},"4":{"start":{"line":5,"column":16},"end":{"line":5,"column":35}},"5":{"start":{"line":6,"column":24},"end":{"line":6,"column":37}},"6":{"start":{"line":8,"column":21},"end":{"line":8,"column":57}},"7":{"start":{"line":10,"column":0},"end":{"line":16,"column":2}},"8":{"start":{"line":11,"column":2},"end":{"line":11,"column":39}},"9":{"start":{"line":12,"column":2},"end":{"line":14,"column":3}},"10":{"start":{"line":13,"column":4},"end":{"line":13,"column":24}},"11":{"start":{"line":15,"column":2},"end":{"line":15,"column":8}},"12":{"start":{"line":18,"column":0},"end":{"line":22,"column":3}},"13":{"start":{"line":19,"column":2},"end":{"line":19,"column":49}},"14":{"start":{"line":20,"column":2},"end":{"line":20,"column":95}},"15":{"start":{"line":21,"column":2},"end":{"line":21,"column":9}},"16":{"start":{"line":24,"column":0},"end":{"line":24,"column":68}},"17":{"start":{"line":25,"column":0},"end":{"line":25,"column":24}},"18":{"start":{"line":28,"column":0},"end":{"line":56,"column":2}},"19":{"start":{"line":29,"column":18},"end":{"line":29,"column":38}},"20":{"start":{"line":31,"column":2},"end":{"line":33,"column":3}},"21":{"start":{"line":32,"column":4},"end":{"line":32,"column":24}},"22":{"start":{"line":35,"column":2},"end":{"line":35,"column":70}},"23":{"start":{"line":36,"column":14},"end":{"line":36,"column":130}},"24":{"start":{"line":38,"column":2},"end":{"line":55,"column":6}},"25":{"start":{"line":40,"column":6},"end":{"line":40,"column":38}},"26":{"start":{"line":42,"column":27},"end":{"line":44,"column":8}},"27":{"start":{"line":43,"column":8},"end":{"line":43,"column":52}},"28":{"start":{"line":45,"column":24},"end":{"line":45,"column":31}},"29":{"start":{"line":46,"column":6},"end":{"line":46,"column":50}},"30":{"start":{"line":47,"column":6},"end":{"line":47,"column":56}},"31":{"start":{"line":49,"column":6},"end":{"line":49,"column":28}},"32":{"start":{"line":53,"column":6},"end":{"line":53,"column":67}},"33":{"start":{"line":54,"column":6},"end":{"line":54,"column":26}},"34":{"start":{"line":58,"column":0},"end":{"line":58,"column":25}}},"fnMap":{"0":{"name":"(anonymous_0)","decl":{"start":{"line":10,"column":24},"end":{"line":10,"column":25}},"loc":{"start":{"line":10,"column":44},"end":{"line":16,"column":1}},"line":10},"1":{"name":"(anonymous_1)","decl":{"start":{"line":18,"column":8},"end":{"line":18,"column":9}},"loc":{"start":{"line":18,"column":33},"end":{"line":22,"column":1}},"line":18},"2":{"name":"(anonymous_2)","decl":{"start":{"line":28,"column":39},"end":{"line":28,"column":40}},"loc":{"start":{"line":28,"column":53},"end":{"line":56,"column":1}},"line":28},"3":{"name":"(anonymous_3)","decl":{"start":{"line":39,"column":10},"end":{"line":39,"column":11}},"loc":{"start":{"line":39,"column":18},"end":{"line":50,"column":5}},"line":39},"4":{"name":"(anonymous_4)","decl":{"start":{"line":42,"column":36},"end":{"line":42,"column":37}},"loc":{"start":{"line":42,"column":42},"end":{"line":44,"column":7}},"line":42},"5":{"name":"(anonymous_5)","decl":{"start":{"line":51,"column":11},"end":{"line":51,"column":12}},"loc":{"start":{"line":51,"column":18},"end":{"line":55,"column":5}},"line":51}},"branchMap":{"0":{"loc":{"start":{"line":12,"column":2},"end":{"line":14,"column":3}},"type":"if","locations":[{"start":{"line":12,"column":2},"end":{"line":14,"column":3}},{"start":{"line":12,"column":2},"end":{"line":14,"column":3}}],"line":12},"1":{"loc":{"start":{"line":12,"column":6},"end":{"line":12,"column":59}},"type":"binary-expr","locations":[{"start":{"line":12,"column":6},"end":{"line":12,"column":31}},{"start":{"line":12,"column":35},"end":{"line":12,"column":59}}],"line":12},"2":{"loc":{"start":{"line":31,"column":2},"end":{"line":33,"column":3}},"type":"if","locations":[{"start":{"line":31,"column":2},"end":{"line":33,"column":3}},{"start":{"line":31,"column":2},"end":{"line":33,"column":3}}],"line":31},"3":{"loc":{"start":{"line":31,"column":6},"end":{"line":31,"column":37}},"type":"binary-expr","locations":[{"start":{"line":31,"column":6},"end":{"line":31,"column":20}},{"start":{"line":31,"column":24},"end":{"line":31,"column":37}}],"line":31}},"s":{"0":1,"1":1,"2":1,"3":1,"4":1,"5":1,"6":1,"7":1,"8":6,"9":6,"10":1,"11":6,"12":1,"13":6,"14":5,"15":5,"16":1,"17":1,"18":1,"19":4,"20":4,"21":1,"22":4,"23":4,"24":4,"25":0,"26":0,"27":0,"28":0,"29":0,"30":0,"31":0,"32":4,"33":4,"34":1},"f":{"0":6,"1":6,"2":4,"3":0,"4":0,"5":4},"b":{"0":[1,5],"1":[6,5],"2":[1,3],"3":[4,3]},"_coverageSchema":"1a1c01bbd47fc00a2c39e90264f33305004495a9","hash":"8a44bb9cdd6a6f7ab934c865ac3ce0800533c943"}
}
