TN:
SF:client/App.jsx
FN:7,(anonymous_0)
FN:22,(anonymous_1)
FN:28,(anonymous_2)
FN:40,(anonymous_3)
FN:47,(anonymous_4)
FNF:5
FNH:3
FNDA:3,(anonymous_0)
FNDA:1,(anonymous_1)
FNDA:0,(anonymous_2)
FNDA:0,(anonymous_3)
FNDA:3,(anonymous_4)
DA:8,3
DA:10,3
DA:12,3
DA:24,1
DA:27,1
DA:31,0
DA:41,0
DA:48,3
LF:8
LH:6
BRF:0
BRH:0
end_of_record
TN:
SF:client/components/Widget.jsx
FN:5,(anonymous_0)
FN:12,(anonymous_1)
FN:16,(anonymous_2)
FN:20,(anonymous_3)
FN:36,(anonymous_4)
FNF:5
FNH:5
FNDA:3,(anonymous_0)
FNDA:1,(anonymous_1)
FNDA:2,(anonymous_2)
FNDA:3,(anonymous_3)
FNDA:1,(anonymous_4)
DA:6,3
DA:7,3
DA:21,3
DA:36,1
LF:4
LH:4
BRF:0
BRH:0
end_of_record
TN:
SF:db/index.js
FN:11,(anonymous_0)
FNF:1
FNH:1
FNDA:2,(anonymous_0)
DA:1,2
DA:4,2
DA:11,2
DA:12,2
DA:13,0
DA:15,2
DA:19,2
LF:7
LH:6
BRDA:12,0,0,0
BRDA:12,0,1,2
BRF:2
BRH:1
end_of_record
TN:
SF:server/index.js
FN:13,(anonymous_0)
FN:24,(anonymous_1)
FN:26,(anonymous_2)
FN:35,(anonymous_3)
FN:41,(anonymous_4)
FNF:5
FNH:5
FNDA:4,(anonymous_0)
FNDA:3,(anonymous_1)
FNDA:580,(anonymous_2)
FNDA:2,(anonymous_3)
FNDA:2,(anonymous_4)
DA:1,1
DA:2,1
DA:3,1
DA:4,1
DA:5,1
DA:6,1
DA:8,1
DA:10,1
DA:11,1
DA:13,1
DA:15,4
DA:16,1
DA:19,4
DA:20,4
DA:21,4
DA:23,4
DA:25,3
DA:26,3
DA:27,580
DA:29,3
DA:30,3
DA:31,2
DA:33,2
DA:36,2
DA:37,2
DA:41,1
DA:42,2
DA:43,2
DA:44,1
DA:46,2
DA:48,2
DA:51,1
LF:32
LH:32
BRDA:15,0,0,1
BRDA:15,0,1,3
BRDA:15,1,0,4
BRDA:15,1,1,3
BRDA:43,2,0,1
BRDA:43,2,1,1
BRF:6
BRH:6
end_of_record
