TN:
SF:client/app.jsx
FN:7,(anonymous_0)
FN:23,(anonymous_1)
FN:28,(anonymous_2)
FN:39,(anonymous_3)
FN:44,(anonymous_4)
FN:49,(anonymous_5)
FNF:6
FNH:4
FNDA:5,(anonymous_0)
FNDA:3,(anonymous_1)
FNDA:0,(anonymous_2)
FNDA:0,(anonymous_3)
FNDA:3,(anonymous_4)
FNDA:5,(anonymous_5)
DA:8,5
DA:11,5
DA:13,5
DA:25,3
DA:27,3
DA:29,0
DA:31,0
DA:40,0
DA:45,3
DA:50,5
LF:10
LH:7
BRF:0
BRH:0
end_of_record
TN:
SF:client/components/Widget.jsx
FN:6,(anonymous_0)
FN:13,(anonymous_1)
FN:17,(anonymous_2)
FN:21,(anonymous_3)
FN:37,(anonymous_4)
FNF:5
FNH:5
FNDA:5,(anonymous_0)
FNDA:1,(anonymous_1)
FNDA:4,(anonymous_2)
FNDA:5,(anonymous_3)
FNDA:1,(anonymous_4)
DA:7,5
DA:8,5
DA:22,5
DA:37,1
DA:44,2
DA:55,2
DA:61,2
DA:69,2
DA:74,2
DA:78,2
DA:83,2
DA:87,2
LF:12
LH:12
BRF:0
BRH:0
end_of_record
TN:
SF:db/index.js
FN:11,(anonymous_0)
FNF:1
FNH:1
FNDA:2,(anonymous_0)
DA:1,2
DA:4,2
DA:11,2
DA:12,2
DA:13,0
DA:15,2
DA:19,2
LF:7
LH:6
BRDA:12,0,0,0
BRDA:12,0,1,2
BRF:2
BRH:1
end_of_record
TN:
SF:server/index.js
FN:10,(anonymous_0)
FN:20,(anonymous_1)
FN:31,(anonymous_2)
FN:33,(anonymous_3)
FN:42,(anonymous_4)
FNF:5
FNH:5
FNDA:6,(anonymous_0)
FNDA:4,(anonymous_1)
FNDA:3,(anonymous_2)
FNDA:580,(anonymous_3)
FNDA:2,(anonymous_4)
DA:1,1
DA:2,1
DA:3,1
DA:4,1
DA:5,1
DA:6,1
DA:8,1
DA:10,1
DA:11,6
DA:12,6
DA:13,1
DA:15,6
DA:17,1
DA:18,1
DA:20,1
DA:21,4
DA:23,4
DA:24,1
DA:27,4
DA:28,4
DA:30,4
DA:32,3
DA:33,3
DA:34,580
DA:36,3
DA:37,3
DA:38,2
DA:40,2
DA:43,2
DA:44,2
DA:48,1
LF:31
LH:31
BRDA:12,0,0,1
BRDA:12,0,1,5
BRDA:12,1,0,6
BRDA:12,1,1,5
BRDA:23,2,0,1
BRDA:23,2,1,3
BRDA:23,3,0,4
BRDA:23,3,1,3
BRF:8
BRH:8
end_of_record
